{"name":"TC001_sampleTest","status":"failed","statusDetails":{"known":false,"muted":false,"flaky":false,"message":"Actual title 'Guru99 Bank Manager HomePage' does not match with expected title 'Guru99 Bank Manager HomePage1' expected [true] but found [false]","trace":"java.lang.AssertionError: Actual title 'Guru99 Bank Manager HomePage' does not match with expected title 'Guru99 Bank Manager HomePage1' expected [true] but found [false]\r\n\tat org.testng.Assert.fail(Assert.java:99)\r\n\tat org.testng.Assert.failNotEquals(Assert.java:1037)\r\n\tat org.testng.Assert.assertTrue(Assert.java:45)\r\n\tat utils.Log.logError(Log.java:26)\r\n\tat utils.WebActions.assertPageTitle(WebActions.java:94)\r\n\tat pages.BankManagerHomePage.assertBankManagerHomePageTitle(BankManagerHomePage.java:20)\r\n\tat tests.NewTest.TC001_sampleTest(NewTest.java:55)\r\n\tat java.base/jdk.internal.reflect.NativeMethodAccessorImpl.invoke0(Native Method)\r\n\tat java.base/jdk.internal.reflect.NativeMethodAccessorImpl.invoke(Unknown Source)\r\n\tat java.base/jdk.internal.reflect.DelegatingMethodAccessorImpl.invoke(Unknown Source)\r\n\tat java.base/java.lang.reflect.Method.invoke(Unknown Source)\r\n\tat org.testng.internal.MethodInvocationHelper.invokeMethod(MethodInvocationHelper.java:132)\r\n\tat org.testng.internal.TestInvoker.invokeMethod(TestInvoker.java:599)\r\n\tat org.testng.internal.TestInvoker.invokeTestMethod(TestInvoker.java:174)\r\n\tat org.testng.internal.MethodRunner.runInSequence(MethodRunner.java:46)\r\n\tat org.testng.internal.TestInvoker$MethodInvocationAgent.invoke(TestInvoker.java:822)\r\n\tat org.testng.internal.TestInvoker.invokeTestMethods(TestInvoker.java:147)\r\n\tat org.testng.internal.TestMethodWorker.invokeTestMethods(TestMethodWorker.java:146)\r\n\tat org.testng.internal.TestMethodWorker.run(TestMethodWorker.java:128)\r\n\tat java.base/java.util.ArrayList.forEach(Unknown Source)\r\n\tat org.testng.TestRunner.privateRun(TestRunner.java:764)\r\n\tat org.testng.TestRunner.run(TestRunner.java:585)\r\n\tat org.testng.SuiteRunner.runTest(SuiteRunner.java:384)\r\n\tat org.testng.SuiteRunner.runSequentially(SuiteRunner.java:378)\r\n\tat org.testng.SuiteRunner.privateRun(SuiteRunner.java:337)\r\n\tat org.testng.SuiteRunner.run(SuiteRunner.java:286)\r\n\tat org.testng.SuiteRunnerWorker.runSuite(SuiteRunnerWorker.java:53)\r\n\tat org.testng.SuiteRunnerWorker.run(SuiteRunnerWorker.java:96)\r\n\tat org.testng.TestNG.runSuitesSequentially(TestNG.java:1218)\r\n\tat org.testng.TestNG.runSuitesLocally(TestNG.java:1140)\r\n\tat org.testng.TestNG.runSuites(TestNG.java:1069)\r\n\tat org.testng.TestNG.run(TestNG.java:1037)\r\n\tat org.testng.remote.AbstractRemoteTestNG.run(AbstractRemoteTestNG.java:115)\r\n\tat org.testng.remote.RemoteTestNG.initAndRun(RemoteTestNG.java:251)\r\n\tat org.testng.remote.RemoteTestNG.main(RemoteTestNG.java:77)\r\n"},"stage":"finished","description":"Sample Login test to Guru99 site","steps":[{"name":"Launch Guru99 homepage and assert page title","status":"passed","stage":"finished","steps":[{"name":"Lanching URL 'http://demo.guru99.com/v4/'","status":"passed","stage":"finished","steps":[],"attachments":[],"parameters":[{"name":"strURL","value":"http://demo.guru99.com/v4/"}],"start":1608443014086,"stop":1608443015345},{"name":"Asserting page title to expected title 'Guru99 Bank Home Page'","status":"passed","stage":"finished","steps":[],"attachments":[],"parameters":[{"name":"strExpectedTitle","value":"Guru99 Bank Home Page"}],"start":1608443015345,"stop":1608443015349}],"attachments":[],"parameters":[],"start":1608443014085,"stop":1608443015349},{"name":"Login to home page using username - mngr299483 and password - suqUpej","status":"passed","stage":"finished","steps":[{"name":"Enter username - mngr299483","status":"passed","stage":"finished","steps":[{"name":"Enter text 'mngr299483' on element identified 'By.name: uid'","status":"passed","stage":"finished","steps":[{"name":"Wait for element identified 'By.name: uid' to be visible","status":"passed","stage":"finished","steps":[],"attachments":[],"parameters":[{"name":"by","value":"By.name: uid"}],"start":1608443015350,"stop":1608443015404}],"attachments":[],"parameters":[{"name":"by","value":"By.name: uid"},{"name":"strText","value":"mngr299483"}],"start":1608443015350,"stop":1608443015504}],"attachments":[],"parameters":[{"name":"strUserName","value":"mngr299483"}],"start":1608443015350,"stop":1608443015504},{"name":"Enter password - suqUpej","status":"passed","stage":"finished","steps":[{"name":"Enter text 'suqUpej' on element identified 'By.name: password'","status":"passed","stage":"finished","steps":[{"name":"Wait for element identified 'By.name: password' to be visible","status":"passed","stage":"finished","steps":[],"attachments":[],"parameters":[{"name":"by","value":"By.name: password"}],"start":1608443015505,"stop":1608443015536}],"attachments":[],"parameters":[{"name":"by","value":"By.name: password"},{"name":"strText","value":"suqUpej"}],"start":1608443015505,"stop":1608443015628}],"attachments":[],"parameters":[{"name":"strPassword","value":"suqUpej"}],"start":1608443015505,"stop":1608443015628},{"name":"Click Login button","status":"passed","stage":"finished","steps":[{"name":"Click element identified 'By.name: btnLogin'","status":"passed","stage":"finished","steps":[{"name":"Wait for element identified 'By.name: btnLogin' to be visible","status":"passed","stage":"finished","steps":[],"attachments":[],"parameters":[{"name":"by","value":"By.name: btnLogin"}],"start":1608443015628,"stop":1608443015653},{"name":"Wait for element identified 'By.name: btnLogin' to be clickable","status":"passed","stage":"finished","steps":[],"attachments":[],"parameters":[{"name":"by","value":"By.name: btnLogin"}],"start":1608443015654,"stop":1608443015708}],"attachments":[],"parameters":[{"name":"by","value":"By.name: btnLogin"}],"start":1608443015628,"stop":1608443016358}],"attachments":[],"parameters":[],"start":1608443015628,"stop":1608443016358}],"attachments":[],"parameters":[{"name":"strUserName","value":"mngr299483"},{"name":"strPassword","value":"suqUpej"}],"start":1608443015350,"stop":1608443016358},{"name":"Assert Bank Manager Home page title","status":"failed","statusDetails":{"known":false,"muted":false,"flaky":false,"message":"Actual title 'Guru99 Bank Manager HomePage' does not match with expected title 'Guru99 Bank Manager HomePage1' expected [true] but found [false]","trace":"java.lang.AssertionError: Actual title 'Guru99 Bank Manager HomePage' does not match with expected title 'Guru99 Bank Manager HomePage1' expected [true] but found [false]\r\n\tat org.testng.Assert.fail(Assert.java:99)\r\n\tat org.testng.Assert.failNotEquals(Assert.java:1037)\r\n\tat org.testng.Assert.assertTrue(Assert.java:45)\r\n\tat utils.Log.logError(Log.java:26)\r\n\tat utils.WebActions.assertPageTitle(WebActions.java:94)\r\n\tat pages.BankManagerHomePage.assertBankManagerHomePageTitle(BankManagerHomePage.java:20)\r\n\tat tests.NewTest.TC001_sampleTest(NewTest.java:55)\r\n\tat java.base/jdk.internal.reflect.NativeMethodAccessorImpl.invoke0(Native Method)\r\n\tat java.base/jdk.internal.reflect.NativeMethodAccessorImpl.invoke(Unknown Source)\r\n\tat java.base/jdk.internal.reflect.DelegatingMethodAccessorImpl.invoke(Unknown Source)\r\n\tat java.base/java.lang.reflect.Method.invoke(Unknown Source)\r\n\tat org.testng.internal.MethodInvocationHelper.invokeMethod(MethodInvocationHelper.java:132)\r\n\tat org.testng.internal.TestInvoker.invokeMethod(TestInvoker.java:599)\r\n\tat org.testng.internal.TestInvoker.invokeTestMethod(TestInvoker.java:174)\r\n\tat org.testng.internal.MethodRunner.runInSequence(MethodRunner.java:46)\r\n\tat org.testng.internal.TestInvoker$MethodInvocationAgent.invoke(TestInvoker.java:822)\r\n\tat org.testng.internal.TestInvoker.invokeTestMethods(TestInvoker.java:147)\r\n\tat org.testng.internal.TestMethodWorker.invokeTestMethods(TestMethodWorker.java:146)\r\n\tat org.testng.internal.TestMethodWorker.run(TestMethodWorker.java:128)\r\n\tat java.base/java.util.ArrayList.forEach(Unknown Source)\r\n\tat org.testng.TestRunner.privateRun(TestRunner.java:764)\r\n\tat org.testng.TestRunner.run(TestRunner.java:585)\r\n\tat org.testng.SuiteRunner.runTest(SuiteRunner.java:384)\r\n\tat org.testng.SuiteRunner.runSequentially(SuiteRunner.java:378)\r\n\tat org.testng.SuiteRunner.privateRun(SuiteRunner.java:337)\r\n\tat org.testng.SuiteRunner.run(SuiteRunner.java:286)\r\n\tat org.testng.SuiteRunnerWorker.runSuite(SuiteRunnerWorker.java:53)\r\n\tat org.testng.SuiteRunnerWorker.run(SuiteRunnerWorker.java:96)\r\n\tat org.testng.TestNG.runSuitesSequentially(TestNG.java:1218)\r\n\tat org.testng.TestNG.runSuitesLocally(TestNG.java:1140)\r\n\tat org.testng.TestNG.runSuites(TestNG.java:1069)\r\n\tat org.testng.TestNG.run(TestNG.java:1037)\r\n\tat org.testng.remote.AbstractRemoteTestNG.run(AbstractRemoteTestNG.java:115)\r\n\tat org.testng.remote.RemoteTestNG.initAndRun(RemoteTestNG.java:251)\r\n\tat org.testng.remote.RemoteTestNG.main(RemoteTestNG.java:77)\r\n"},"stage":"finished","steps":[{"name":"Asserting page title to expected title 'Guru99 Bank Manager HomePage1'","status":"failed","statusDetails":{"known":false,"muted":false,"flaky":false,"message":"Actual title 'Guru99 Bank Manager HomePage' does not match with expected title 'Guru99 Bank Manager HomePage1' expected [true] but found [false]","trace":"java.lang.AssertionError: Actual title 'Guru99 Bank Manager HomePage' does not match with expected title 'Guru99 Bank Manager HomePage1' expected [true] but found [false]\r\n\tat org.testng.Assert.fail(Assert.java:99)\r\n\tat org.testng.Assert.failNotEquals(Assert.java:1037)\r\n\tat org.testng.Assert.assertTrue(Assert.java:45)\r\n\tat utils.Log.logError(Log.java:26)\r\n\tat utils.WebActions.assertPageTitle(WebActions.java:94)\r\n\tat pages.BankManagerHomePage.assertBankManagerHomePageTitle(BankManagerHomePage.java:20)\r\n\tat tests.NewTest.TC001_sampleTest(NewTest.java:55)\r\n\tat java.base/jdk.internal.reflect.NativeMethodAccessorImpl.invoke0(Native Method)\r\n\tat java.base/jdk.internal.reflect.NativeMethodAccessorImpl.invoke(Unknown Source)\r\n\tat java.base/jdk.internal.reflect.DelegatingMethodAccessorImpl.invoke(Unknown Source)\r\n\tat java.base/java.lang.reflect.Method.invoke(Unknown Source)\r\n\tat org.testng.internal.MethodInvocationHelper.invokeMethod(MethodInvocationHelper.java:132)\r\n\tat org.testng.internal.TestInvoker.invokeMethod(TestInvoker.java:599)\r\n\tat org.testng.internal.TestInvoker.invokeTestMethod(TestInvoker.java:174)\r\n\tat org.testng.internal.MethodRunner.runInSequence(MethodRunner.java:46)\r\n\tat org.testng.internal.TestInvoker$MethodInvocationAgent.invoke(TestInvoker.java:822)\r\n\tat org.testng.internal.TestInvoker.invokeTestMethods(TestInvoker.java:147)\r\n\tat org.testng.internal.TestMethodWorker.invokeTestMethods(TestMethodWorker.java:146)\r\n\tat org.testng.internal.TestMethodWorker.run(TestMethodWorker.java:128)\r\n\tat java.base/java.util.ArrayList.forEach(Unknown Source)\r\n\tat org.testng.TestRunner.privateRun(TestRunner.java:764)\r\n\tat org.testng.TestRunner.run(TestRunner.java:585)\r\n\tat org.testng.SuiteRunner.runTest(SuiteRunner.java:384)\r\n\tat org.testng.SuiteRunner.runSequentially(SuiteRunner.java:378)\r\n\tat org.testng.SuiteRunner.privateRun(SuiteRunner.java:337)\r\n\tat org.testng.SuiteRunner.run(SuiteRunner.java:286)\r\n\tat org.testng.SuiteRunnerWorker.runSuite(SuiteRunnerWorker.java:53)\r\n\tat org.testng.SuiteRunnerWorker.run(SuiteRunnerWorker.java:96)\r\n\tat org.testng.TestNG.runSuitesSequentially(TestNG.java:1218)\r\n\tat org.testng.TestNG.runSuitesLocally(TestNG.java:1140)\r\n\tat org.testng.TestNG.runSuites(TestNG.java:1069)\r\n\tat org.testng.TestNG.run(TestNG.java:1037)\r\n\tat org.testng.remote.AbstractRemoteTestNG.run(AbstractRemoteTestNG.java:115)\r\n\tat org.testng.remote.RemoteTestNG.initAndRun(RemoteTestNG.java:251)\r\n\tat org.testng.remote.RemoteTestNG.main(RemoteTestNG.java:77)\r\n"},"stage":"finished","steps":[],"attachments":[],"parameters":[{"name":"strExpectedTitle","value":"Guru99 Bank Manager HomePage1"}],"start":1608443016359,"stop":1608443016366}],"attachments":[],"parameters":[],"start":1608443016359,"stop":1608443016366}],"attachments":[{"name":"Screenshot","source":"227750e6-c166-4658-8bb4-2d92c54d2493-attachment","type":"image/png"}],"parameters":[{"name":"arg1","value":"suqUpej"},{"name":"arg0","value":"mngr299483"}],"start":1608443014040,"stop":1608443016777,"uuid":"0ec9ba3f-b29c-4682-b0e8-ae2c221d62ad","historyId":"9fee27a36098920e25abc5633f751a44","fullName":"tests.NewTest.TC001_sampleTest","labels":[{"name":"package","value":"tests.NewTest"},{"name":"testClass","value":"tests.NewTest"},{"name":"testMethod","value":"TC001_sampleTest"},{"name":"parentSuite","value":"Default suite"},{"name":"suite","value":"Default test"},{"name":"subSuite","value":"tests.NewTest"},{"name":"host","value":"Aadi-Flex15"},{"name":"thread","value":"5220@Aadi-Flex15.main(1)"},{"name":"framework","value":"testng"},{"name":"language","value":"java"},{"name":"severity","value":"blocker"}],"links":[]}