{"name":"TC001_sampleTest","status":"failed","statusDetails":{"known":false,"muted":false,"flaky":false,"message":"Actual title 'Guru99 Bank Manager HomePage' does not match with expected title 'Guru99 Bank Manager HomePage1' expected [true] but found [false]","trace":"java.lang.AssertionError: Actual title 'Guru99 Bank Manager HomePage' does not match with expected title 'Guru99 Bank Manager HomePage1' expected [true] but found [false]\r\n\tat org.testng.Assert.fail(Assert.java:99)\r\n\tat org.testng.Assert.failNotEquals(Assert.java:1037)\r\n\tat org.testng.Assert.assertTrue(Assert.java:45)\r\n\tat utils.Log.logError(Log.java:26)\r\n\tat utils.WebActions.assertPageTitle(WebActions.java:94)\r\n\tat pages.BankManagerHomePage.assertBankManagerHomePageTitle(BankManagerHomePage.java:20)\r\n\tat tests.NewTest.TC001_sampleTest(NewTest.java:58)\r\n\tat java.base/jdk.internal.reflect.NativeMethodAccessorImpl.invoke0(Native Method)\r\n\tat java.base/jdk.internal.reflect.NativeMethodAccessorImpl.invoke(NativeMethodAccessorImpl.java:64)\r\n\tat java.base/jdk.internal.reflect.DelegatingMethodAccessorImpl.invoke(DelegatingMethodAccessorImpl.java:43)\r\n\tat java.base/java.lang.reflect.Method.invoke(Method.java:564)\r\n\tat org.testng.internal.MethodInvocationHelper.invokeMethod(MethodInvocationHelper.java:132)\r\n\tat org.testng.internal.TestInvoker.invokeMethod(TestInvoker.java:599)\r\n\tat org.testng.internal.TestInvoker.invokeTestMethod(TestInvoker.java:174)\r\n\tat org.testng.internal.MethodRunner.runInSequence(MethodRunner.java:46)\r\n\tat org.testng.internal.TestInvoker$MethodInvocationAgent.invoke(TestInvoker.java:822)\r\n\tat org.testng.internal.TestInvoker.invokeTestMethods(TestInvoker.java:147)\r\n\tat org.testng.internal.TestMethodWorker.invokeTestMethods(TestMethodWorker.java:146)\r\n\tat org.testng.internal.TestMethodWorker.run(TestMethodWorker.java:128)\r\n\tat java.base/java.util.ArrayList.forEach(ArrayList.java:1511)\r\n\tat org.testng.TestRunner.privateRun(TestRunner.java:764)\r\n\tat org.testng.TestRunner.run(TestRunner.java:585)\r\n\tat org.testng.SuiteRunner.runTest(SuiteRunner.java:384)\r\n\tat org.testng.SuiteRunner.runSequentially(SuiteRunner.java:378)\r\n\tat org.testng.SuiteRunner.privateRun(SuiteRunner.java:337)\r\n\tat org.testng.SuiteRunner.run(SuiteRunner.java:286)\r\n\tat org.testng.SuiteRunnerWorker.runSuite(SuiteRunnerWorker.java:53)\r\n\tat org.testng.SuiteRunnerWorker.run(SuiteRunnerWorker.java:96)\r\n\tat org.testng.TestNG.runSuitesSequentially(TestNG.java:1218)\r\n\tat org.testng.TestNG.runSuitesLocally(TestNG.java:1140)\r\n\tat org.testng.TestNG.runSuites(TestNG.java:1069)\r\n\tat org.testng.TestNG.run(TestNG.java:1037)\r\n\tat org.testng.remote.AbstractRemoteTestNG.run(AbstractRemoteTestNG.java:115)\r\n\tat org.testng.remote.RemoteTestNG.initAndRun(RemoteTestNG.java:251)\r\n\tat org.testng.remote.RemoteTestNG.main(RemoteTestNG.java:77)\r\n"},"stage":"finished","description":"Sample Login test to Guru99 site","steps":[{"name":"Launch Guru99 homepage and assert page title","status":"passed","stage":"finished","steps":[{"name":"Lanching URL 'http://demo.guru99.com/v4/'","status":"passed","stage":"finished","steps":[],"attachments":[],"parameters":[{"name":"strURL","value":"http://demo.guru99.com/v4/"}],"start":1622906515221,"stop":1622906516842},{"name":"Asserting page title to expected title 'Guru99 Bank Home Page'","status":"passed","stage":"finished","steps":[],"attachments":[],"parameters":[{"name":"strExpectedTitle","value":"Guru99 Bank Home Page"}],"start":1622906516844,"stop":1622906516863}],"attachments":[],"parameters":[],"start":1622906515220,"stop":1622906516863},{"name":"Login to home page using username - mngr332130 and password - EdAbAda","status":"passed","stage":"finished","steps":[{"name":"Enter username - mngr332130","status":"passed","stage":"finished","steps":[{"name":"Enter text 'mngr332130' on element identified 'By.name: uid'","status":"passed","stage":"finished","steps":[{"name":"Wait for element identified 'By.name: uid' to be visible","status":"passed","stage":"finished","steps":[],"attachments":[],"parameters":[{"name":"by","value":"By.name: uid"}],"start":1622906516866,"stop":1622906517024}],"attachments":[],"parameters":[{"name":"by","value":"By.name: uid"},{"name":"strText","value":"mngr332130"}],"start":1622906516866,"stop":1622906517167}],"attachments":[],"parameters":[{"name":"strUserName","value":"mngr332130"}],"start":1622906516864,"stop":1622906517167},{"name":"Enter password - EdAbAda","status":"passed","stage":"finished","steps":[{"name":"Enter text 'EdAbAda' on element identified 'By.name: password'","status":"passed","stage":"finished","steps":[{"name":"Wait for element identified 'By.name: password' to be visible","status":"passed","stage":"finished","steps":[],"attachments":[],"parameters":[{"name":"by","value":"By.name: password"}],"start":1622906517168,"stop":1622906517218}],"attachments":[],"parameters":[{"name":"by","value":"By.name: password"},{"name":"strText","value":"EdAbAda"}],"start":1622906517168,"stop":1622906517343}],"attachments":[],"parameters":[{"name":"strPassword","value":"EdAbAda"}],"start":1622906517167,"stop":1622906517343},{"name":"Click Login button","status":"passed","stage":"finished","steps":[{"name":"Click element identified 'By.name: btnLogin'","status":"passed","stage":"finished","steps":[{"name":"Wait for element identified 'By.name: btnLogin' to be visible","status":"passed","stage":"finished","steps":[],"attachments":[],"parameters":[{"name":"by","value":"By.name: btnLogin"}],"start":1622906517344,"stop":1622906517385},{"name":"Wait for element identified 'By.name: btnLogin' to be clickable","status":"passed","stage":"finished","steps":[],"attachments":[],"parameters":[{"name":"by","value":"By.name: btnLogin"}],"start":1622906517385,"stop":1622906517493}],"attachments":[],"parameters":[{"name":"by","value":"By.name: btnLogin"}],"start":1622906517344,"stop":1622906518104}],"attachments":[],"parameters":[],"start":1622906517344,"stop":1622906518104}],"attachments":[],"parameters":[{"name":"strUserName","value":"mngr332130"},{"name":"strPassword","value":"EdAbAda"}],"start":1622906516863,"stop":1622906518104},{"name":"Assert Bank Manager Home page title","status":"failed","statusDetails":{"known":false,"muted":false,"flaky":false,"message":"Actual title 'Guru99 Bank Manager HomePage' does not match with expected title 'Guru99 Bank Manager HomePage1' expected [true] but found [false]","trace":"java.lang.AssertionError: Actual title 'Guru99 Bank Manager HomePage' does not match with expected title 'Guru99 Bank Manager HomePage1' expected [true] but found [false]\r\n\tat org.testng.Assert.fail(Assert.java:99)\r\n\tat org.testng.Assert.failNotEquals(Assert.java:1037)\r\n\tat org.testng.Assert.assertTrue(Assert.java:45)\r\n\tat utils.Log.logError(Log.java:26)\r\n\tat utils.WebActions.assertPageTitle(WebActions.java:94)\r\n\tat pages.BankManagerHomePage.assertBankManagerHomePageTitle(BankManagerHomePage.java:20)\r\n\tat tests.NewTest.TC001_sampleTest(NewTest.java:58)\r\n\tat java.base/jdk.internal.reflect.NativeMethodAccessorImpl.invoke0(Native Method)\r\n\tat java.base/jdk.internal.reflect.NativeMethodAccessorImpl.invoke(NativeMethodAccessorImpl.java:64)\r\n\tat java.base/jdk.internal.reflect.DelegatingMethodAccessorImpl.invoke(DelegatingMethodAccessorImpl.java:43)\r\n\tat java.base/java.lang.reflect.Method.invoke(Method.java:564)\r\n\tat org.testng.internal.MethodInvocationHelper.invokeMethod(MethodInvocationHelper.java:132)\r\n\tat org.testng.internal.TestInvoker.invokeMethod(TestInvoker.java:599)\r\n\tat org.testng.internal.TestInvoker.invokeTestMethod(TestInvoker.java:174)\r\n\tat org.testng.internal.MethodRunner.runInSequence(MethodRunner.java:46)\r\n\tat org.testng.internal.TestInvoker$MethodInvocationAgent.invoke(TestInvoker.java:822)\r\n\tat org.testng.internal.TestInvoker.invokeTestMethods(TestInvoker.java:147)\r\n\tat org.testng.internal.TestMethodWorker.invokeTestMethods(TestMethodWorker.java:146)\r\n\tat org.testng.internal.TestMethodWorker.run(TestMethodWorker.java:128)\r\n\tat java.base/java.util.ArrayList.forEach(ArrayList.java:1511)\r\n\tat org.testng.TestRunner.privateRun(TestRunner.java:764)\r\n\tat org.testng.TestRunner.run(TestRunner.java:585)\r\n\tat org.testng.SuiteRunner.runTest(SuiteRunner.java:384)\r\n\tat org.testng.SuiteRunner.runSequentially(SuiteRunner.java:378)\r\n\tat org.testng.SuiteRunner.privateRun(SuiteRunner.java:337)\r\n\tat org.testng.SuiteRunner.run(SuiteRunner.java:286)\r\n\tat org.testng.SuiteRunnerWorker.runSuite(SuiteRunnerWorker.java:53)\r\n\tat org.testng.SuiteRunnerWorker.run(SuiteRunnerWorker.java:96)\r\n\tat org.testng.TestNG.runSuitesSequentially(TestNG.java:1218)\r\n\tat org.testng.TestNG.runSuitesLocally(TestNG.java:1140)\r\n\tat org.testng.TestNG.runSuites(TestNG.java:1069)\r\n\tat org.testng.TestNG.run(TestNG.java:1037)\r\n\tat org.testng.remote.AbstractRemoteTestNG.run(AbstractRemoteTestNG.java:115)\r\n\tat org.testng.remote.RemoteTestNG.initAndRun(RemoteTestNG.java:251)\r\n\tat org.testng.remote.RemoteTestNG.main(RemoteTestNG.java:77)\r\n"},"stage":"finished","steps":[{"name":"Asserting page title to expected title 'Guru99 Bank Manager HomePage1'","status":"failed","statusDetails":{"known":false,"muted":false,"flaky":false,"message":"Actual title 'Guru99 Bank Manager HomePage' does not match with expected title 'Guru99 Bank Manager HomePage1' expected [true] but found [false]","trace":"java.lang.AssertionError: Actual title 'Guru99 Bank Manager HomePage' does not match with expected title 'Guru99 Bank Manager HomePage1' expected [true] but found [false]\r\n\tat org.testng.Assert.fail(Assert.java:99)\r\n\tat org.testng.Assert.failNotEquals(Assert.java:1037)\r\n\tat org.testng.Assert.assertTrue(Assert.java:45)\r\n\tat utils.Log.logError(Log.java:26)\r\n\tat utils.WebActions.assertPageTitle(WebActions.java:94)\r\n\tat pages.BankManagerHomePage.assertBankManagerHomePageTitle(BankManagerHomePage.java:20)\r\n\tat tests.NewTest.TC001_sampleTest(NewTest.java:58)\r\n\tat java.base/jdk.internal.reflect.NativeMethodAccessorImpl.invoke0(Native Method)\r\n\tat java.base/jdk.internal.reflect.NativeMethodAccessorImpl.invoke(NativeMethodAccessorImpl.java:64)\r\n\tat java.base/jdk.internal.reflect.DelegatingMethodAccessorImpl.invoke(DelegatingMethodAccessorImpl.java:43)\r\n\tat java.base/java.lang.reflect.Method.invoke(Method.java:564)\r\n\tat org.testng.internal.MethodInvocationHelper.invokeMethod(MethodInvocationHelper.java:132)\r\n\tat org.testng.internal.TestInvoker.invokeMethod(TestInvoker.java:599)\r\n\tat org.testng.internal.TestInvoker.invokeTestMethod(TestInvoker.java:174)\r\n\tat org.testng.internal.MethodRunner.runInSequence(MethodRunner.java:46)\r\n\tat org.testng.internal.TestInvoker$MethodInvocationAgent.invoke(TestInvoker.java:822)\r\n\tat org.testng.internal.TestInvoker.invokeTestMethods(TestInvoker.java:147)\r\n\tat org.testng.internal.TestMethodWorker.invokeTestMethods(TestMethodWorker.java:146)\r\n\tat org.testng.internal.TestMethodWorker.run(TestMethodWorker.java:128)\r\n\tat java.base/java.util.ArrayList.forEach(ArrayList.java:1511)\r\n\tat org.testng.TestRunner.privateRun(TestRunner.java:764)\r\n\tat org.testng.TestRunner.run(TestRunner.java:585)\r\n\tat org.testng.SuiteRunner.runTest(SuiteRunner.java:384)\r\n\tat org.testng.SuiteRunner.runSequentially(SuiteRunner.java:378)\r\n\tat org.testng.SuiteRunner.privateRun(SuiteRunner.java:337)\r\n\tat org.testng.SuiteRunner.run(SuiteRunner.java:286)\r\n\tat org.testng.SuiteRunnerWorker.runSuite(SuiteRunnerWorker.java:53)\r\n\tat org.testng.SuiteRunnerWorker.run(SuiteRunnerWorker.java:96)\r\n\tat org.testng.TestNG.runSuitesSequentially(TestNG.java:1218)\r\n\tat org.testng.TestNG.runSuitesLocally(TestNG.java:1140)\r\n\tat org.testng.TestNG.runSuites(TestNG.java:1069)\r\n\tat org.testng.TestNG.run(TestNG.java:1037)\r\n\tat org.testng.remote.AbstractRemoteTestNG.run(AbstractRemoteTestNG.java:115)\r\n\tat org.testng.remote.RemoteTestNG.initAndRun(RemoteTestNG.java:251)\r\n\tat org.testng.remote.RemoteTestNG.main(RemoteTestNG.java:77)\r\n"},"stage":"finished","steps":[],"attachments":[],"parameters":[{"name":"strExpectedTitle","value":"Guru99 Bank Manager HomePage1"}],"start":1622906518105,"stop":1622906518144}],"attachments":[],"parameters":[],"start":1622906518105,"stop":1622906518144}],"attachments":[{"name":"Screenshot","source":"40427d3c-f621-4a96-9c56-d4678d73ecc0-attachment","type":"image/png"}],"parameters":[{"name":"arg1","value":"EdAbAda"},{"name":"arg0","value":"mngr332130"}],"start":1622906515151,"stop":1622906518593,"uuid":"b51756cc-607d-4371-9cfd-cc1b99856b42","historyId":"9d11c411f07c8ef18760579da6ab0b2c","fullName":"tests.NewTest.TC001_sampleTest","labels":[{"name":"package","value":"tests.NewTest"},{"name":"testClass","value":"tests.NewTest"},{"name":"testMethod","value":"TC001_sampleTest"},{"name":"parentSuite","value":"Default suite"},{"name":"suite","value":"Default test"},{"name":"subSuite","value":"tests.NewTest"},{"name":"host","value":"Aadi-Flex15"},{"name":"thread","value":"27240@Aadi-Flex15.main(1)"},{"name":"framework","value":"testng"},{"name":"language","value":"java"},{"name":"severity","value":"blocker"}],"links":[]}